============================= test session starts ==============================
platform linux -- Python 3.12.7, pytest-8.3.5, pluggy-1.5.0
rootdir: /home/smruti/Desktop/erp-website
collected 18 items

test_app.py ..................                                           [100%]

=============================== warnings summary ===============================
venv/lib/python3.12/site-packages/reportlab/lib/rl_safe_eval.py:11
  /home/smruti/Desktop/erp-website/venv/lib/python3.12/site-packages/reportlab/lib/rl_safe_eval.py:11: DeprecationWarning: ast.NameConstant is deprecated and will be removed in Python 3.14; use ast.Constant instead
    haveNameConstant = hasattr(ast,'NameConstant')

test_app.py::test_item_crud_and_units
test_app.py::test_customer_crud
test_app.py::test_bill_creation_and_stock
  /home/smruti/Desktop/erp-website/app.py:1375: DeprecationWarning: datetime.datetime.utcnow() is deprecated and scheduled for removal in a future version. Use timezone-aware objects to represent datetimes in UTC: datetime.datetime.now(datetime.UTC).
    user.last_login = datetime.utcnow()

test_app.py: 22 warnings
  /home/smruti/Desktop/erp-website/app.py:41: LegacyAPIWarning: The Query.get() method is considered legacy as of the 1.x series of SQLAlchemy and becomes a legacy construct in 2.0. The method is now available as Session.get() (deprecated since: 2.0) (Background on SQLAlchemy 2.0 at: https://sqlalche.me/e/b8d9)
    return User.query.get(int(user_id))

test_app.py: 24 warnings
  /home/smruti/Desktop/erp-website/venv/lib/python3.12/site-packages/sqlalchemy/sql/schema.py:3625: DeprecationWarning: datetime.datetime.utcnow() is deprecated and scheduled for removal in a future version. Use timezone-aware objects to represent datetimes in UTC: datetime.datetime.now(datetime.UTC).
    return util.wrap_callable(lambda ctx: fn(), fn)  # type: ignore

test_app.py::test_item_crud_and_units
test_app.py::test_item_crud_and_units
test_app.py::test_customer_crud
test_app.py::test_customer_crud
test_app.py::test_bill_creation_and_stock
  /home/smruti/Desktop/erp-website/venv/lib/python3.12/site-packages/flask_sqlalchemy/query.py:30: LegacyAPIWarning: The Query.get() method is considered legacy as of the 1.x series of SQLAlchemy and becomes a legacy construct in 2.0. The method is now available as Session.get() (deprecated since: 2.0) (Background on SQLAlchemy 2.0 at: https://sqlalche.me/e/b8d9)
    rv = self.get(ident)

test_app.py::test_bill_creation_and_stock
test_app.py::test_bill_creation_and_stock
  /home/smruti/Desktop/erp-website/app.py:230: LegacyAPIWarning: The Query.get() method is considered legacy as of the 1.x series of SQLAlchemy and becomes a legacy construct in 2.0. The method is now available as Session.get() (deprecated since: 2.0) (Background on SQLAlchemy 2.0 at: https://sqlalche.me/e/b8d9)
    customer = Customer.query.get(customer_id)

test_app.py::test_bill_creation_and_stock
test_app.py::test_bill_creation_and_stock
  /home/smruti/Desktop/erp-website/app.py:254: LegacyAPIWarning: The Query.get() method is considered legacy as of the 1.x series of SQLAlchemy and becomes a legacy construct in 2.0. The method is now available as Session.get() (deprecated since: 2.0) (Background on SQLAlchemy 2.0 at: https://sqlalche.me/e/b8d9)
    item = Item.query.get(item_id)

test_app.py::test_bill_creation_and_stock
  /home/smruti/Desktop/erp-website/app.py:287: LegacyAPIWarning: The Query.get() method is considered legacy as of the 1.x series of SQLAlchemy and becomes a legacy construct in 2.0. The method is now available as Session.get() (deprecated since: 2.0) (Background on SQLAlchemy 2.0 at: https://sqlalche.me/e/b8d9)
    item = Item.query.get(item_id)

-- Docs: https://docs.pytest.org/en/stable/how-to/capture-warnings.html
======================= 18 passed, 60 warnings in 3.55s ========================
